build/app/intermediates/manifest_merge_blame_file/release/manifest-merger-blame-release-report.txt
1<?xml version="1.0" encoding="utf-8"?>
2<manifest xmlns:android="http://schemas.android.com/apk/res/android"
3    package="com.quomodosoft.shopo"
4    android:versionCode="1"
5    android:versionName="5.0.1" >
6
7    <uses-sdk
8        android:minSdkVersion="21"
9        android:targetSdkVersion="34" />
10
11    <uses-permission android:name="android.permission.INTERNET" />
11-->src/main/AndroidManifest.xml:4:5-67
11-->src/main/AndroidManifest.xml:4:22-64
12    <uses-permission android:name="android.permission.ACCESS_FINE_LOCATION" />
12-->src/main/AndroidManifest.xml:5:5-79
12-->src/main/AndroidManifest.xml:5:22-76
13    <uses-permission android:name="android.permission.ACCESS_COARSE_LOCATION" />
13-->src/main/AndroidManifest.xml:6:5-81
13-->src/main/AndroidManifest.xml:6:22-78
14
15    <queries>
15-->[com.facebook.android:facebook-common:18.0.2] AndroidManifest.xml:15:5-17:15
16        <package android:name="com.facebook.katana" />
16-->[com.facebook.android:facebook-common:18.0.2] AndroidManifest.xml:16:9-55
16-->[com.facebook.android:facebook-common:18.0.2] AndroidManifest.xml:16:18-52
17        <!-- Added to check if Chrome is installed for browser-based payment authentication (e.g. 3DS1). -->
18        <package android:name="com.android.chrome" /> <!-- Needs to be explicitly declared on Android R+ -->
18-->[com.stripe:payments-core:20.44.2] AndroidManifest.xml:11:9-54
18-->[com.stripe:payments-core:20.44.2] AndroidManifest.xml:11:18-51
19        <package android:name="com.google.android.apps.maps" /> <!-- Added to check the default browser that will host the AuthFlow. -->
19-->[com.google.android.gms:play-services-maps:18.2.0] AndroidManifest.xml:33:9-64
19-->[com.google.android.gms:play-services-maps:18.2.0] AndroidManifest.xml:33:18-61
20        <intent>
20-->[com.stripe:financial-connections:20.44.2] AndroidManifest.xml:13:9-17:18
21            <action android:name="android.intent.action.VIEW" />
21-->[com.facebook.android:facebook-common:18.0.2] AndroidManifest.xml:30:17-69
21-->[com.facebook.android:facebook-common:18.0.2] AndroidManifest.xml:30:25-66
22
23            <data android:scheme="http" />
23-->[com.facebook.android:facebook-common:18.0.2] AndroidManifest.xml:35:17-37:50
23-->[com.facebook.android:facebook-common:18.0.2] AndroidManifest.xml:37:21-47
24        </intent>
25    </queries>
26
27    <uses-permission android:name="com.google.android.gms.permission.AD_ID" /> <!-- Support for Google Privacy Sandbox adservices API -->
27-->[com.facebook.android:facebook-core:18.0.2] AndroidManifest.xml:14:5-79
27-->[com.facebook.android:facebook-core:18.0.2] AndroidManifest.xml:14:22-76
28    <uses-permission android:name="android.permission.ACCESS_ADSERVICES_ATTRIBUTION" />
28-->[com.facebook.android:facebook-core:18.0.2] AndroidManifest.xml:16:5-88
28-->[com.facebook.android:facebook-core:18.0.2] AndroidManifest.xml:16:22-85
29    <uses-permission android:name="android.permission.ACCESS_ADSERVICES_AD_ID" />
29-->[com.facebook.android:facebook-core:18.0.2] AndroidManifest.xml:17:5-82
29-->[com.facebook.android:facebook-core:18.0.2] AndroidManifest.xml:17:22-79
30    <uses-permission android:name="android.permission.ACCESS_ADSERVICES_CUSTOM_AUDIENCE" />
30-->[com.facebook.android:facebook-core:18.0.2] AndroidManifest.xml:18:5-92
30-->[com.facebook.android:facebook-core:18.0.2] AndroidManifest.xml:18:22-89
31    <uses-permission android:name="android.permission.ACCESS_NETWORK_STATE" />
31-->[:connectivity_plus] AndroidManifest.xml:7:5-79
31-->[:connectivity_plus] AndroidManifest.xml:7:22-76
32
33    <uses-feature
33-->[com.google.android.gms:play-services-maps:18.2.0] AndroidManifest.xml:26:5-28:35
34        android:glEsVersion="0x00020000"
34-->[com.google.android.gms:play-services-maps:18.2.0] AndroidManifest.xml:27:9-41
35        android:required="true" />
35-->[com.google.android.gms:play-services-maps:18.2.0] AndroidManifest.xml:28:9-32
36
37    <permission
37-->[androidx.core:core:1.13.1] AndroidManifest.xml:22:5-24:47
38        android:name="com.quomodosoft.shopo.DYNAMIC_RECEIVER_NOT_EXPORTED_PERMISSION"
38-->[androidx.core:core:1.13.1] AndroidManifest.xml:23:9-81
39        android:protectionLevel="signature" />
39-->[androidx.core:core:1.13.1] AndroidManifest.xml:24:9-44
40
41    <uses-permission android:name="com.quomodosoft.shopo.DYNAMIC_RECEIVER_NOT_EXPORTED_PERMISSION" />
41-->[androidx.core:core:1.13.1] AndroidManifest.xml:26:5-97
41-->[androidx.core:core:1.13.1] AndroidManifest.xml:26:22-94
42    <uses-permission android:name="com.google.android.finsky.permission.BIND_GET_INSTALL_REFERRER_SERVICE" />
42-->[com.android.installreferrer:installreferrer:1.0] AndroidManifest.xml:9:5-110
42-->[com.android.installreferrer:installreferrer:1.0] AndroidManifest.xml:9:22-107
43
44    <application
45        android:name="android.app.Application"
45-->src/main/AndroidManifest.xml:10:9-42
46        android:appComponentFactory="androidx.core.app.CoreComponentFactory"
46-->[androidx.core:core:1.13.1] AndroidManifest.xml:28:18-86
47        android:extractNativeLibs="true"
48        android:icon="@mipmap/ic_launcher"
48-->src/main/AndroidManifest.xml:11:9-43
49        android:label="Namaste Swadeshi"
49-->src/main/AndroidManifest.xml:12:9-41
50        android:networkSecurityConfig="@xml/network_security_config"
50-->src/main/AndroidManifest.xml:13:9-69
51        android:supportsRtl="true" >
51-->[com.facebook.android:facebook-android-sdk:18.0.2] AndroidManifest.xml:14:18-44
52        <meta-data
52-->src/main/AndroidManifest.xml:14:9-16:70
53            android:name="com.google.android.geo.API_KEY"
53-->src/main/AndroidManifest.xml:15:13-58
54            android:value="AIzaSyDkIcqJW9Nit0r24jLc1ppKINlFJm4Hljg" />
54-->src/main/AndroidManifest.xml:16:13-68
55
56        <activity
56-->src/main/AndroidManifest.xml:17:9-36:20
57            android:name="com.quomodosoft.shopo.MainActivity"
57-->src/main/AndroidManifest.xml:18:13-41
58            android:configChanges="orientation|keyboardHidden|keyboard|screenSize|smallestScreenSize|locale|layoutDirection|fontScale|screenLayout|density|uiMode"
58-->src/main/AndroidManifest.xml:19:13-163
59            android:exported="true"
59-->src/main/AndroidManifest.xml:20:13-36
60            android:hardwareAccelerated="true"
60-->src/main/AndroidManifest.xml:21:13-47
61            android:launchMode="singleTop"
61-->src/main/AndroidManifest.xml:22:13-43
62            android:theme="@style/LaunchTheme"
62-->src/main/AndroidManifest.xml:23:13-47
63            android:windowSoftInputMode="adjustResize" >
63-->src/main/AndroidManifest.xml:24:13-55
64
65            <!--
66                 Specifies an Android theme to apply to this Activity as soon as
67                 the Android process has started. This theme is visible to the user
68                 while the Flutter UI initializes. After that, this theme continues
69                 to determine the Window background behind the Flutter UI.
70            -->
71            <meta-data
71-->src/main/AndroidManifest.xml:29:13-31:57
72                android:name="io.flutter.embedding.android.NormalTheme"
72-->src/main/AndroidManifest.xml:30:17-72
73                android:resource="@style/NormalTheme" />
73-->src/main/AndroidManifest.xml:31:17-54
74
75            <intent-filter>
75-->src/main/AndroidManifest.xml:32:13-35:29
76                <action android:name="android.intent.action.MAIN" />
76-->src/main/AndroidManifest.xml:33:17-69
76-->src/main/AndroidManifest.xml:33:25-66
77
78                <category android:name="android.intent.category.LAUNCHER" />
78-->src/main/AndroidManifest.xml:34:17-77
78-->src/main/AndroidManifest.xml:34:27-74
79            </intent-filter>
80        </activity>
81        <!--
82             Don't delete the meta-data below.
83             This is used by the Flutter tool to generate GeneratedPluginRegistrant.java
84        -->
85        <meta-data
85-->src/main/AndroidManifest.xml:39:9-41:33
86            android:name="flutterEmbedding"
86-->src/main/AndroidManifest.xml:40:13-44
87            android:value="2" />
87-->src/main/AndroidManifest.xml:41:13-30
88
89        <service
89-->[:location] AndroidManifest.xml:11:9-15:56
90            android:name="com.lyokone.location.FlutterLocationService"
90-->[:location] AndroidManifest.xml:12:13-71
91            android:enabled="true"
91-->[:location] AndroidManifest.xml:13:13-35
92            android:exported="false"
92-->[:location] AndroidManifest.xml:14:13-37
93            android:foregroundServiceType="location" />
93-->[:location] AndroidManifest.xml:15:13-53
94
95        <activity
95-->[com.facebook.android:facebook-common:18.0.2] AndroidManifest.xml:20:9-23:66
96            android:name="com.facebook.FacebookActivity"
96-->[com.facebook.android:facebook-common:18.0.2] AndroidManifest.xml:21:13-57
97            android:configChanges="keyboard|keyboardHidden|screenLayout|screenSize|orientation"
97-->[com.facebook.android:facebook-common:18.0.2] AndroidManifest.xml:22:13-96
98            android:theme="@style/com_facebook_activity_theme" />
98-->[com.facebook.android:facebook-common:18.0.2] AndroidManifest.xml:23:13-63
99        <activity android:name="com.facebook.CustomTabMainActivity" />
99-->[com.facebook.android:facebook-common:18.0.2] AndroidManifest.xml:24:9-71
99-->[com.facebook.android:facebook-common:18.0.2] AndroidManifest.xml:24:19-68
100        <activity
100-->[com.facebook.android:facebook-common:18.0.2] AndroidManifest.xml:25:9-39:20
101            android:name="com.facebook.CustomTabActivity"
101-->[com.facebook.android:facebook-common:18.0.2] AndroidManifest.xml:26:13-58
102            android:exported="true" >
102-->[com.facebook.android:facebook-common:18.0.2] AndroidManifest.xml:27:13-36
103            <intent-filter>
103-->[com.facebook.android:facebook-common:18.0.2] AndroidManifest.xml:29:13-38:29
104                <action android:name="android.intent.action.VIEW" />
104-->[com.facebook.android:facebook-common:18.0.2] AndroidManifest.xml:30:17-69
104-->[com.facebook.android:facebook-common:18.0.2] AndroidManifest.xml:30:25-66
105
106                <category android:name="android.intent.category.DEFAULT" />
106-->[com.facebook.android:facebook-common:18.0.2] AndroidManifest.xml:32:17-76
106-->[com.facebook.android:facebook-common:18.0.2] AndroidManifest.xml:32:27-73
107                <category android:name="android.intent.category.BROWSABLE" />
107-->[com.facebook.android:facebook-common:18.0.2] AndroidManifest.xml:33:17-78
107-->[com.facebook.android:facebook-common:18.0.2] AndroidManifest.xml:33:27-75
108
109                <data
109-->[com.facebook.android:facebook-common:18.0.2] AndroidManifest.xml:35:17-37:50
110                    android:host="cct.com.quomodosoft.shopo"
110-->[com.facebook.android:facebook-common:18.0.2] AndroidManifest.xml:36:21-56
111                    android:scheme="fbconnect" />
111-->[com.facebook.android:facebook-common:18.0.2] AndroidManifest.xml:37:21-47
112            </intent-filter>
113        </activity>
114        <!--
115         The initialization ContentProvider will call FacebookSdk.sdkInitialize automatically
116         with the application context. This config is merged in with the host app's manifest,
117         but there can only be one provider with the same authority activated at any given
118         point; so if the end user has two or more different apps that use Facebook SDK, only the
119         first one will be able to use the provider. To work around this problem, we use the
120         following placeholder in the authority to identify each host application as if it was
121         a completely different provider.
122        -->
123        <provider
123-->[com.facebook.android:facebook-core:18.0.2] AndroidManifest.xml:31:9-34:40
124            android:name="com.facebook.internal.FacebookInitProvider"
124-->[com.facebook.android:facebook-core:18.0.2] AndroidManifest.xml:32:13-70
125            android:authorities="com.quomodosoft.shopo.FacebookInitProvider"
125-->[com.facebook.android:facebook-core:18.0.2] AndroidManifest.xml:33:13-72
126            android:exported="false" />
126-->[com.facebook.android:facebook-core:18.0.2] AndroidManifest.xml:34:13-37
127
128        <receiver
128-->[com.facebook.android:facebook-core:18.0.2] AndroidManifest.xml:36:9-42:20
129            android:name="com.facebook.CurrentAccessTokenExpirationBroadcastReceiver"
129-->[com.facebook.android:facebook-core:18.0.2] AndroidManifest.xml:37:13-86
130            android:exported="false" >
130-->[com.facebook.android:facebook-core:18.0.2] AndroidManifest.xml:38:13-37
131            <intent-filter>
131-->[com.facebook.android:facebook-core:18.0.2] AndroidManifest.xml:39:13-41:29
132                <action android:name="com.facebook.sdk.ACTION_CURRENT_ACCESS_TOKEN_CHANGED" />
132-->[com.facebook.android:facebook-core:18.0.2] AndroidManifest.xml:40:17-95
132-->[com.facebook.android:facebook-core:18.0.2] AndroidManifest.xml:40:25-92
133            </intent-filter>
134        </receiver>
135        <receiver
135-->[com.facebook.android:facebook-core:18.0.2] AndroidManifest.xml:43:9-49:20
136            android:name="com.facebook.AuthenticationTokenManager$CurrentAuthenticationTokenChangedBroadcastReceiver"
136-->[com.facebook.android:facebook-core:18.0.2] AndroidManifest.xml:44:13-118
137            android:exported="false" >
137-->[com.facebook.android:facebook-core:18.0.2] AndroidManifest.xml:45:13-37
138            <intent-filter>
138-->[com.facebook.android:facebook-core:18.0.2] AndroidManifest.xml:46:13-48:29
139                <action android:name="com.facebook.sdk.ACTION_CURRENT_AUTHENTICATION_TOKEN_CHANGED" />
139-->[com.facebook.android:facebook-core:18.0.2] AndroidManifest.xml:47:17-103
139-->[com.facebook.android:facebook-core:18.0.2] AndroidManifest.xml:47:25-100
140            </intent-filter>
141        </receiver>
142
143        <provider
143-->[:image_picker_android] AndroidManifest.xml:9:9-17:20
144            android:name="io.flutter.plugins.imagepicker.ImagePickerFileProvider"
144-->[:image_picker_android] AndroidManifest.xml:10:13-82
145            android:authorities="com.quomodosoft.shopo.flutter.image_provider"
145-->[:image_picker_android] AndroidManifest.xml:11:13-74
146            android:exported="false"
146-->[:image_picker_android] AndroidManifest.xml:12:13-37
147            android:grantUriPermissions="true" >
147-->[:image_picker_android] AndroidManifest.xml:13:13-47
148            <meta-data
148-->[:image_picker_android] AndroidManifest.xml:14:13-16:75
149                android:name="android.support.FILE_PROVIDER_PATHS"
149-->[:image_picker_android] AndroidManifest.xml:15:17-67
150                android:resource="@xml/flutter_image_picker_file_paths" />
150-->[:image_picker_android] AndroidManifest.xml:16:17-72
151        </provider> <!-- Trigger Google Play services to install the backported photo picker module. -->
152        <service
152-->[:image_picker_android] AndroidManifest.xml:19:9-31:19
153            android:name="com.google.android.gms.metadata.ModuleDependencies"
153-->[:image_picker_android] AndroidManifest.xml:20:13-78
154            android:enabled="false"
154-->[:image_picker_android] AndroidManifest.xml:21:13-36
155            android:exported="false" >
155-->[:image_picker_android] AndroidManifest.xml:22:13-37
156            <intent-filter>
156-->[:image_picker_android] AndroidManifest.xml:24:13-26:29
157                <action android:name="com.google.android.gms.metadata.MODULE_DEPENDENCIES" />
157-->[:image_picker_android] AndroidManifest.xml:25:17-94
157-->[:image_picker_android] AndroidManifest.xml:25:25-91
158            </intent-filter>
159
160            <meta-data
160-->[:image_picker_android] AndroidManifest.xml:28:13-30:36
161                android:name="photopicker_activity:0:required"
161-->[:image_picker_android] AndroidManifest.xml:29:17-63
162                android:value="" />
162-->[:image_picker_android] AndroidManifest.xml:30:17-33
163        </service>
164
165        <activity
165-->[:url_launcher_android] AndroidManifest.xml:8:9-11:74
166            android:name="io.flutter.plugins.urllauncher.WebViewActivity"
166-->[:url_launcher_android] AndroidManifest.xml:9:13-74
167            android:exported="false"
167-->[:url_launcher_android] AndroidManifest.xml:10:13-37
168            android:theme="@android:style/Theme.NoTitleBar.Fullscreen" />
168-->[:url_launcher_android] AndroidManifest.xml:11:13-71
169
170        <service
170-->[:firebase_core] AndroidManifest.xml:8:9-12:19
171            android:name="com.google.firebase.components.ComponentDiscoveryService"
171-->[:firebase_core] AndroidManifest.xml:8:18-89
172            android:directBootAware="true"
172-->[com.google.firebase:firebase-common:21.0.0] AndroidManifest.xml:32:13-43
173            android:exported="false" >
173-->[com.google.firebase:firebase-common:21.0.0] AndroidManifest.xml:33:13-37
174            <meta-data
174-->[:firebase_core] AndroidManifest.xml:9:13-11:85
175                android:name="com.google.firebase.components:io.flutter.plugins.firebase.core.FlutterFirebaseCoreRegistrar"
175-->[:firebase_core] AndroidManifest.xml:10:17-124
176                android:value="com.google.firebase.components.ComponentRegistrar" />
176-->[:firebase_core] AndroidManifest.xml:11:17-82
177            <meta-data
177-->[com.google.firebase:firebase-common:21.0.0] AndroidManifest.xml:35:13-37:85
178                android:name="com.google.firebase.components:com.google.firebase.FirebaseCommonKtxRegistrar"
178-->[com.google.firebase:firebase-common:21.0.0] AndroidManifest.xml:36:17-109
179                android:value="com.google.firebase.components.ComponentRegistrar" />
179-->[com.google.firebase:firebase-common:21.0.0] AndroidManifest.xml:37:17-82
180        </service>
181
182        <activity
182-->[com.stripe:paymentsheet:20.44.2] AndroidManifest.xml:8:9-12:58
183            android:name="com.stripe.android.paymentsheet.PaymentSheetActivity"
183-->[com.stripe:paymentsheet:20.44.2] AndroidManifest.xml:9:13-80
184            android:exported="false"
184-->[com.stripe:paymentsheet:20.44.2] AndroidManifest.xml:10:13-37
185            android:theme="@style/StripePaymentSheetDefaultTheme"
185-->[com.stripe:paymentsheet:20.44.2] AndroidManifest.xml:11:13-66
186            android:windowSoftInputMode="adjustResize" />
186-->[com.stripe:paymentsheet:20.44.2] AndroidManifest.xml:12:13-55
187        <activity
187-->[com.stripe:paymentsheet:20.44.2] AndroidManifest.xml:13:9-17:58
188            android:name="com.stripe.android.paymentsheet.PaymentOptionsActivity"
188-->[com.stripe:paymentsheet:20.44.2] AndroidManifest.xml:14:13-82
189            android:exported="false"
189-->[com.stripe:paymentsheet:20.44.2] AndroidManifest.xml:15:13-37
190            android:theme="@style/StripePaymentSheetDefaultTheme"
190-->[com.stripe:paymentsheet:20.44.2] AndroidManifest.xml:16:13-66
191            android:windowSoftInputMode="adjustResize" />
191-->[com.stripe:paymentsheet:20.44.2] AndroidManifest.xml:17:13-55
192        <activity
192-->[com.stripe:paymentsheet:20.44.2] AndroidManifest.xml:18:9-22:58
193            android:name="com.stripe.android.customersheet.CustomerSheetActivity"
193-->[com.stripe:paymentsheet:20.44.2] AndroidManifest.xml:19:13-82
194            android:exported="false"
194-->[com.stripe:paymentsheet:20.44.2] AndroidManifest.xml:20:13-37
195            android:theme="@style/StripePaymentSheetDefaultTheme"
195-->[com.stripe:paymentsheet:20.44.2] AndroidManifest.xml:21:13-66
196            android:windowSoftInputMode="adjustResize" />
196-->[com.stripe:paymentsheet:20.44.2] AndroidManifest.xml:22:13-55
197        <activity
197-->[com.stripe:paymentsheet:20.44.2] AndroidManifest.xml:23:9-27:58
198            android:name="com.stripe.android.paymentsheet.addresselement.AddressElementActivity"
198-->[com.stripe:paymentsheet:20.44.2] AndroidManifest.xml:24:13-97
199            android:exported="false"
199-->[com.stripe:paymentsheet:20.44.2] AndroidManifest.xml:25:13-37
200            android:theme="@style/StripePaymentSheetDefaultTheme"
200-->[com.stripe:paymentsheet:20.44.2] AndroidManifest.xml:26:13-66
201            android:windowSoftInputMode="adjustResize" />
201-->[com.stripe:paymentsheet:20.44.2] AndroidManifest.xml:27:13-55
202        <activity
202-->[com.stripe:paymentsheet:20.44.2] AndroidManifest.xml:28:9-31:69
203            android:name="com.stripe.android.paymentsheet.paymentdatacollection.bacs.BacsMandateConfirmationActivity"
203-->[com.stripe:paymentsheet:20.44.2] AndroidManifest.xml:29:13-118
204            android:exported="false"
204-->[com.stripe:paymentsheet:20.44.2] AndroidManifest.xml:30:13-37
205            android:theme="@style/StripePaymentSheetDefaultTheme" />
205-->[com.stripe:paymentsheet:20.44.2] AndroidManifest.xml:31:13-66
206        <activity
206-->[com.stripe:paymentsheet:20.44.2] AndroidManifest.xml:32:9-35:69
207            android:name="com.stripe.android.paymentsheet.paymentdatacollection.polling.PollingActivity"
207-->[com.stripe:paymentsheet:20.44.2] AndroidManifest.xml:33:13-105
208            android:exported="false"
208-->[com.stripe:paymentsheet:20.44.2] AndroidManifest.xml:34:13-37
209            android:theme="@style/StripePaymentSheetDefaultTheme" />
209-->[com.stripe:paymentsheet:20.44.2] AndroidManifest.xml:35:13-66
210        <activity
210-->[com.stripe:paymentsheet:20.44.2] AndroidManifest.xml:36:9-39:69
211            android:name="com.stripe.android.paymentsheet.ui.SepaMandateActivity"
211-->[com.stripe:paymentsheet:20.44.2] AndroidManifest.xml:37:13-82
212            android:exported="false"
212-->[com.stripe:paymentsheet:20.44.2] AndroidManifest.xml:38:13-37
213            android:theme="@style/StripePaymentSheetDefaultTheme" />
213-->[com.stripe:paymentsheet:20.44.2] AndroidManifest.xml:39:13-66
214        <activity
214-->[com.stripe:paymentsheet:20.44.2] AndroidManifest.xml:40:9-43:68
215            android:name="com.stripe.android.paymentsheet.ExternalPaymentMethodProxyActivity"
215-->[com.stripe:paymentsheet:20.44.2] AndroidManifest.xml:41:13-94
216            android:exported="false"
216-->[com.stripe:paymentsheet:20.44.2] AndroidManifest.xml:42:13-37
217            android:theme="@style/StripePayLauncherDefaultTheme" />
217-->[com.stripe:paymentsheet:20.44.2] AndroidManifest.xml:43:13-65
218        <activity
218-->[com.stripe:paymentsheet:20.44.2] AndroidManifest.xml:44:9-47:58
219            android:name="com.stripe.android.paymentsheet.paymentdatacollection.cvcrecollection.CvcRecollectionActivity"
219-->[com.stripe:paymentsheet:20.44.2] AndroidManifest.xml:45:13-121
220            android:theme="@style/StripePaymentSheetDefaultTheme"
220-->[com.stripe:paymentsheet:20.44.2] AndroidManifest.xml:46:13-66
221            android:windowSoftInputMode="adjustResize" />
221-->[com.stripe:paymentsheet:20.44.2] AndroidManifest.xml:47:13-55
222        <activity
222-->[com.stripe:link:20.44.2] AndroidManifest.xml:8:9-13:61
223            android:name="com.stripe.android.link.LinkForegroundActivity"
223-->[com.stripe:link:20.44.2] AndroidManifest.xml:9:13-74
224            android:autoRemoveFromRecents="true"
224-->[com.stripe:link:20.44.2] AndroidManifest.xml:10:13-49
225            android:configChanges="orientation|keyboard|keyboardHidden|screenLayout|screenSize|smallestScreenSize"
225-->[com.stripe:link:20.44.2] AndroidManifest.xml:11:13-115
226            android:launchMode="singleTop"
226-->[com.stripe:link:20.44.2] AndroidManifest.xml:12:13-43
227            android:theme="@style/StripeTransparentTheme" />
227-->[com.stripe:link:20.44.2] AndroidManifest.xml:13:13-58
228        <activity
228-->[com.stripe:link:20.44.2] AndroidManifest.xml:14:9-31:20
229            android:name="com.stripe.android.link.LinkRedirectHandlerActivity"
229-->[com.stripe:link:20.44.2] AndroidManifest.xml:15:13-79
230            android:autoRemoveFromRecents="true"
230-->[com.stripe:link:20.44.2] AndroidManifest.xml:16:13-49
231            android:exported="true"
231-->[com.stripe:link:20.44.2] AndroidManifest.xml:17:13-36
232            android:launchMode="singleInstance"
232-->[com.stripe:link:20.44.2] AndroidManifest.xml:18:13-48
233            android:theme="@style/StripeTransparentTheme" >
233-->[com.stripe:link:20.44.2] AndroidManifest.xml:19:13-58
234            <intent-filter>
234-->[com.stripe:link:20.44.2] AndroidManifest.xml:20:13-30:29
235                <action android:name="android.intent.action.VIEW" />
235-->[com.facebook.android:facebook-common:18.0.2] AndroidManifest.xml:30:17-69
235-->[com.facebook.android:facebook-common:18.0.2] AndroidManifest.xml:30:25-66
236
237                <category android:name="android.intent.category.DEFAULT" />
237-->[com.facebook.android:facebook-common:18.0.2] AndroidManifest.xml:32:17-76
237-->[com.facebook.android:facebook-common:18.0.2] AndroidManifest.xml:32:27-73
238                <category android:name="android.intent.category.BROWSABLE" />
238-->[com.facebook.android:facebook-common:18.0.2] AndroidManifest.xml:33:17-78
238-->[com.facebook.android:facebook-common:18.0.2] AndroidManifest.xml:33:27-75
239
240                <data
240-->[com.facebook.android:facebook-common:18.0.2] AndroidManifest.xml:35:17-37:50
241                    android:host="complete"
241-->[com.facebook.android:facebook-common:18.0.2] AndroidManifest.xml:36:21-56
242                    android:path="/com.quomodosoft.shopo"
243                    android:scheme="link-popup" />
243-->[com.facebook.android:facebook-common:18.0.2] AndroidManifest.xml:37:21-47
244            </intent-filter>
245        </activity>
246        <activity
246-->[com.stripe:payments-ui-core:20.44.2] AndroidManifest.xml:8:9-11:69
247            android:name="com.stripe.android.ui.core.cardscan.CardScanActivity"
247-->[com.stripe:payments-ui-core:20.44.2] AndroidManifest.xml:9:13-80
248            android:exported="false"
248-->[com.stripe:payments-ui-core:20.44.2] AndroidManifest.xml:10:13-37
249            android:theme="@style/StripePaymentSheetDefaultTheme" />
249-->[com.stripe:payments-ui-core:20.44.2] AndroidManifest.xml:11:13-66
250        <activity
250-->[com.stripe:payments-core:20.44.2] AndroidManifest.xml:15:9-18:57
251            android:name="com.stripe.android.view.AddPaymentMethodActivity"
251-->[com.stripe:payments-core:20.44.2] AndroidManifest.xml:16:13-76
252            android:exported="false"
252-->[com.stripe:payments-core:20.44.2] AndroidManifest.xml:17:13-37
253            android:theme="@style/StripeDefaultTheme" />
253-->[com.stripe:payments-core:20.44.2] AndroidManifest.xml:18:13-54
254        <activity
254-->[com.stripe:payments-core:20.44.2] AndroidManifest.xml:19:9-22:57
255            android:name="com.stripe.android.view.PaymentMethodsActivity"
255-->[com.stripe:payments-core:20.44.2] AndroidManifest.xml:20:13-74
256            android:exported="false"
256-->[com.stripe:payments-core:20.44.2] AndroidManifest.xml:21:13-37
257            android:theme="@style/StripeDefaultTheme" />
257-->[com.stripe:payments-core:20.44.2] AndroidManifest.xml:22:13-54
258        <activity
258-->[com.stripe:payments-core:20.44.2] AndroidManifest.xml:23:9-26:57
259            android:name="com.stripe.android.view.PaymentFlowActivity"
259-->[com.stripe:payments-core:20.44.2] AndroidManifest.xml:24:13-71
260            android:exported="false"
260-->[com.stripe:payments-core:20.44.2] AndroidManifest.xml:25:13-37
261            android:theme="@style/StripeDefaultTheme" />
261-->[com.stripe:payments-core:20.44.2] AndroidManifest.xml:26:13-54
262        <activity
262-->[com.stripe:payments-core:20.44.2] AndroidManifest.xml:27:9-31:58
263            android:name="com.stripe.android.view.PaymentAuthWebViewActivity"
263-->[com.stripe:payments-core:20.44.2] AndroidManifest.xml:28:13-78
264            android:exported="false"
264-->[com.stripe:payments-core:20.44.2] AndroidManifest.xml:29:13-37
265            android:theme="@style/StripeDefaultTheme"
265-->[com.stripe:payments-core:20.44.2] AndroidManifest.xml:30:13-54
266            android:windowSoftInputMode="adjustResize" />
266-->[com.stripe:payments-core:20.44.2] AndroidManifest.xml:31:13-55
267        <activity
267-->[com.stripe:payments-core:20.44.2] AndroidManifest.xml:32:9-35:61
268            android:name="com.stripe.android.view.PaymentRelayActivity"
268-->[com.stripe:payments-core:20.44.2] AndroidManifest.xml:33:13-72
269            android:exported="false"
269-->[com.stripe:payments-core:20.44.2] AndroidManifest.xml:34:13-37
270            android:theme="@style/StripeTransparentTheme" />
270-->[com.stripe:payments-core:20.44.2] AndroidManifest.xml:35:13-58
271        <!--
272        Set android:launchMode="singleTop" so that the StripeBrowserLauncherActivity instance that
273        launched the browser Activity will also handle the return URL deep link.
274        -->
275        <activity
275-->[com.stripe:payments-core:20.44.2] AndroidManifest.xml:41:9-45:61
276            android:name="com.stripe.android.payments.StripeBrowserLauncherActivity"
276-->[com.stripe:payments-core:20.44.2] AndroidManifest.xml:42:13-85
277            android:exported="false"
277-->[com.stripe:payments-core:20.44.2] AndroidManifest.xml:43:13-37
278            android:launchMode="singleTask"
278-->[com.stripe:payments-core:20.44.2] AndroidManifest.xml:44:13-44
279            android:theme="@style/StripeTransparentTheme" />
279-->[com.stripe:payments-core:20.44.2] AndroidManifest.xml:45:13-58
280        <activity
280-->[com.stripe:payments-core:20.44.2] AndroidManifest.xml:46:9-63:20
281            android:name="com.stripe.android.payments.StripeBrowserProxyReturnActivity"
281-->[com.stripe:payments-core:20.44.2] AndroidManifest.xml:47:13-88
282            android:exported="true"
282-->[com.stripe:payments-core:20.44.2] AndroidManifest.xml:48:13-36
283            android:launchMode="singleTask"